SF:lib/src/painting/layer_cache.dart
DA:13,20
DA:19,10
DA:24,24
DA:28,15
DA:29,10
DA:30,10
DA:32,30
DA:35,10
DA:37,20
DA:38,10
DA:42,9
DA:43,18
DA:44,9
DA:45,9
LF:14
LH:14
end_of_record
SF:lib/src/painting/paint_pool.dart
DA:15,11
DA:16,44
DA:17,20
DA:20,11
DA:21,22
DA:22,22
DA:30,11
DA:31,11
DA:35,3
LF:9
LH:9
end_of_record
SF:lib/src/controller.dart
DA:39,18
DA:56,1
DA:58,3
DA:60,0
DA:63,1
DA:73,16
DA:76,0
DA:77,0
DA:78,0
DA:79,0
DA:80,0
DA:81,0
DA:84,0
DA:85,0
DA:87,0
DA:94,1
DA:95,1
DA:101,2
DA:102,0
DA:106,1
DA:107,1
DA:109,1
DA:112,1
DA:113,1
DA:114,2
DA:115,2
DA:116,2
DA:119,1
DA:120,1
DA:123,5
DA:124,1
DA:125,3
DA:126,1
DA:128,2
DA:129,2
DA:132,0
DA:133,0
DA:137,0
DA:138,0
DA:141,2
DA:142,2
DA:149,0
DA:150,0
DA:151,0
DA:152,0
DA:153,0
DA:154,0
DA:161,12
DA:162,12
DA:166,20
DA:169,5
DA:170,10
DA:171,5
DA:172,5
DA:173,5
DA:183,0
DA:184,0
DA:185,0
DA:187,0
DA:189,0
DA:190,0
DA:194,0
DA:195,0
DA:196,0
DA:197,0
DA:198,0
DA:200,0
DA:203,0
DA:204,0
DA:206,0
DA:207,0
DA:209,0
DA:214,0
DA:215,0
DA:216,0
DA:217,0
DA:218,0
DA:220,0
DA:223,0
DA:224,0
DA:226,0
DA:227,0
DA:229,0
DA:234,0
DA:235,0
DA:236,0
DA:238,0
DA:239,0
DA:241,0
DA:242,0
DA:244,0
DA:249,0
DA:250,0
DA:251,0
DA:253,0
DA:254,0
DA:256,0
DA:257,0
DA:259,0
DA:266,0
DA:267,0
DA:268,0
DA:270,0
DA:271,0
DA:272,0
DA:273,0
DA:276,0
DA:277,0
DA:279,0
DA:281,0
DA:286,0
DA:287,0
DA:288,0
DA:290,0
DA:291,0
DA:292,0
DA:294,0
DA:295,0
DA:297,0
DA:298,0
DA:300,0
DA:304,12
DA:305,12
DA:306,36
DA:307,62
DA:308,36
DA:309,3
DA:310,4
DA:311,36
DA:312,0
DA:317,2
DA:318,2
DA:319,4
DA:320,8
DA:321,2
DA:323,2
DA:324,4
DA:325,4
DA:327,2
DA:328,4
DA:329,4
DA:331,8
DA:332,2
DA:333,0
DA:336,2
DA:337,0
DA:340,2
DA:341,2
DA:343,4
DA:345,2
DA:346,4
DA:353,3
DA:358,1
DA:359,2
DA:360,2
DA:361,4
DA:362,1
DA:364,2
DA:365,1
DA:366,0
DA:367,0
DA:369,0
DA:373,4
DA:374,1
DA:376,1
DA:377,3
DA:378,1
DA:380,3
DA:381,2
DA:383,4
DA:384,1
DA:385,0
DA:388,1
DA:389,0
DA:392,1
DA:393,1
DA:395,1
DA:396,2
DA:399,3
DA:405,3
DA:406,9
DA:407,9
DA:409,12
DA:411,9
DA:417,1
DA:418,1
DA:419,2
DA:421,2
DA:422,2
DA:424,0
DA:425,0
DA:426,0
DA:427,0
DA:428,0
DA:430,0
DA:431,0
DA:433,0
DA:435,0
DA:439,1
DA:440,1
DA:441,2
DA:443,2
DA:444,2
DA:446,2
DA:447,1
DA:449,2
DA:451,4
DA:452,4
DA:453,2
DA:454,2
DA:456,4
DA:460,1
DA:461,2
DA:462,2
DA:463,2
DA:465,4
DA:466,4
DA:468,4
DA:472,1
DA:473,2
DA:474,2
DA:476,1
DA:477,1
DA:479,1
DA:480,4
DA:488,2
DA:489,4
DA:491,4
DA:492,2
DA:493,6
DA:494,6
DA:495,6
DA:496,2
DA:498,2
DA:501,0
DA:505,0
DA:506,0
DA:507,0
DA:509,0
DA:510,0
DA:512,0
DA:514,0
DA:520,8
DA:521,8
DA:522,24
DA:523,24
DA:529,16
DA:530,0
DA:532,0
DA:533,0
DA:536,16
DA:537,0
DA:539,0
DA:540,0
DA:543,16
DA:544,0
DA:546,0
DA:547,0
DA:551,25
DA:552,2
DA:553,1
DA:554,1
DA:556,1
DA:557,3
DA:558,3
DA:569,0
DA:570,0
DA:571,0
DA:573,0
DA:574,0
DA:576,0
DA:577,0
DA:579,0
DA:580,0
DA:581,0
DA:582,0
DA:586,1
DA:588,1
DA:589,2
DA:590,1
LF:280
LH:148
end_of_record
SF:lib/src/kchart.dart
DA:30,8
DA:32,8
DA:33,8
DA:49,8
DA:51,8
DA:52,16
DA:54,16
DA:55,1
DA:56,1
DA:57,1
DA:58,6
DA:60,1
DA:61,1
DA:62,1
DA:64,0
DA:65,0
DA:66,0
DA:67,0
DA:69,0
DA:70,0
DA:72,0
DA:73,0
DA:75,1
DA:76,3
DA:77,1
DA:80,0
DA:81,0
DA:83,0
DA:84,0
DA:86,0
DA:87,0
DA:92,0
DA:93,0
DA:96,0
DA:97,0
DA:98,0
DA:100,0
DA:104,0
DA:105,0
DA:106,0
DA:109,0
DA:113,0
DA:114,0
DA:115,0
DA:116,0
DA:117,0
DA:118,0
DA:122,0
DA:123,0
DA:124,0
DA:126,0
DA:127,0
DA:128,0
DA:130,0
DA:132,0
DA:133,0
DA:134,0
DA:136,0
DA:137,0
DA:138,0
DA:139,0
DA:140,0
DA:144,0
DA:145,0
DA:147,0
DA:150,0
DA:151,0
DA:156,0
DA:157,0
DA:158,0
DA:159,0
DA:160,0
DA:162,0
DA:163,0
DA:164,0
DA:167,0
DA:168,0
DA:169,0
DA:170,0
DA:174,0
DA:175,0
DA:176,0
DA:177,0
DA:185,0
DA:186,0
DA:187,0
DA:188,0
DA:192,0
DA:193,0
DA:194,0
DA:195,0
DA:197,0
DA:198,0
DA:199,0
DA:204,0
DA:205,0
DA:206,0
DA:208,0
DA:211,0
DA:212,0
DA:214,0
DA:215,0
DA:217,0
DA:219,0
DA:224,1
DA:225,1
DA:226,1
DA:227,0
DA:228,0
DA:229,0
DA:231,0
DA:232,0
DA:236,0
DA:237,0
DA:238,0
DA:240,0
DA:245,2
DA:246,0
DA:250,1
DA:251,2
DA:252,1
DA:255,1
DA:256,1
DA:258,1
DA:261,2
DA:262,2
DA:263,0
DA:267,1
DA:268,2
DA:270,3
DA:271,5
DA:272,1
DA:273,3
DA:274,1
DA:275,1
DA:280,1
DA:281,1
DA:282,2
DA:286,2
DA:287,2
DA:288,2
DA:289,1
DA:291,5
DA:294,1
DA:295,4
DA:296,2
DA:298,1
DA:301,4
DA:302,2
DA:305,3
DA:306,0
DA:307,4
DA:308,0
DA:310,2
DA:313,1
DA:315,1
DA:317,2
DA:318,1
DA:319,1
DA:324,1
DA:325,1
DA:326,2
DA:327,1
DA:328,4
DA:331,2
DA:332,2
DA:333,4
DA:334,1
DA:335,2
DA:340,8
DA:342,16
DA:343,16
DA:344,8
DA:347,8
DA:349,8
DA:350,8
DA:351,32
DA:352,32
DA:353,8
DA:354,16
DA:355,8
DA:356,16
DA:357,18
DA:358,0
DA:359,6
DA:360,8
DA:361,16
DA:362,1
DA:363,1
DA:364,2
DA:366,16
DA:367,16
DA:368,0
DA:369,0
DA:370,0
DA:373,16
DA:374,16
DA:375,16
DA:376,8
DA:377,8
DA:379,8
DA:380,16
DA:381,16
DA:384,8
DA:385,8
DA:386,8
DA:387,8
DA:389,0
DA:390,8
DA:391,24
DA:392,8
DA:393,8
DA:394,8
DA:395,8
DA:396,8
DA:397,8
DA:398,24
DA:399,0
DA:400,0
DA:403,0
DA:408,24
DA:409,0
DA:411,0
DA:413,24
DA:416,8
DA:417,32
DA:418,8
DA:419,0
DA:422,0
DA:423,0
DA:424,0
DA:426,0
DA:427,0
DA:428,0
LF:234
LH:117
end_of_record
SF:lib/src/painting/main_panel_painter.dart
DA:41,9
DA:52,9
DA:54,9
DA:55,9
DA:56,9
DA:57,9
DA:58,9
DA:60,18
DA:63,9
DA:64,9
DA:67,0
DA:68,0
DA:70,0
DA:72,0
DA:73,0
DA:74,0
DA:75,0
DA:76,0
DA:79,0
DA:80,0
DA:82,0
DA:83,0
DA:85,0
DA:87,0
DA:88,0
DA:90,0
DA:92,0
DA:93,0
DA:95,0
DA:98,9
DA:100,18
DA:102,18
DA:105,9
DA:106,18
DA:107,27
DA:108,9
DA:109,9
DA:112,18
DA:113,27
DA:114,36
DA:118,18
DA:119,27
DA:120,36
DA:125,18
DA:126,27
DA:130,9
DA:131,18
DA:132,18
DA:134,18
DA:136,36
DA:137,36
DA:139,9
DA:143,27
DA:144,9
DA:145,9
DA:146,9
DA:147,9
DA:149,27
DA:151,27
DA:154,18
DA:157,9
DA:162,18
DA:163,45
DA:164,45
DA:167,9
DA:168,0
DA:169,0
DA:172,9
DA:173,9
DA:174,9
DA:176,18
DA:177,9
DA:178,9
DA:179,18
DA:181,9
DA:182,36
DA:186,9
DA:189,33
DA:190,8
DA:191,1
DA:194,33
DA:195,8
DA:196,1
DA:201,18
DA:202,18
DA:203,18
DA:204,18
DA:205,18
DA:207,9
DA:212,36
DA:213,18
DA:214,18
DA:215,18
DA:216,18
DA:218,9
DA:219,9
DA:220,9
DA:221,9
DA:227,18
DA:228,18
DA:229,18
DA:230,18
DA:231,18
DA:232,18
DA:233,18
DA:234,18
DA:235,18
DA:236,18
DA:237,18
DA:238,18
DA:241,18
DA:242,18
DA:243,18
DA:244,18
DA:245,18
DA:246,18
DA:247,18
DA:248,18
DA:249,18
DA:250,18
DA:251,18
DA:252,18
DA:261,45
DA:262,45
DA:264,9
DA:265,9
DA:266,9
DA:268,18
DA:275,9
DA:276,5
DA:277,5
DA:279,10
DA:288,18
DA:289,27
DA:293,9
DA:294,18
DA:295,18
DA:297,18
DA:299,36
DA:300,36
DA:301,18
DA:302,9
DA:303,9
DA:304,9
DA:308,18
DA:309,45
DA:310,45
DA:312,9
DA:313,0
DA:314,0
DA:316,9
DA:318,1
DA:319,4
DA:322,1
DA:323,2
DA:324,4
DA:327,18
DA:328,18
DA:331,9
DA:332,18
DA:333,18
DA:334,27
DA:336,9
DA:338,0
DA:339,0
DA:340,0
DA:341,0
DA:342,0
DA:343,0
DA:349,0
DA:350,0
DA:351,0
DA:353,0
DA:354,0
DA:355,0
DA:357,0
DA:359,0
DA:360,0
DA:363,0
DA:365,0
DA:366,0
DA:369,0
DA:370,0
DA:371,0
DA:372,0
DA:373,0
DA:374,0
DA:376,0
DA:377,0
DA:378,0
DA:379,0
DA:381,0
DA:384,0
DA:385,0
DA:386,0
DA:387,0
DA:388,0
DA:397,2
DA:399,4
DA:400,2
DA:401,6
DA:402,4
DA:403,4
DA:404,2
DA:406,2
DA:412,4
DA:414,16
DA:415,12
LF:208
LH:151
end_of_record
SF:lib/src/theme.dart
DA:58,16
DA:62,8
DA:76,8
DA:80,4
LF:4
LH:4
end_of_record
SF:lib/src/i18n/number_formatters.dart
DA:15,11
DA:16,11
DA:17,11
DA:20,3
DA:23,3
DA:25,3
DA:28,3
DA:29,9
DA:30,9
DA:32,0
DA:33,0
LF:11
LH:9
end_of_record
SF:lib/src/widgets/grid/kchart_grid.dart
DA:29,1
DA:37,1
DA:38,1
DA:42,1
DA:44,1
DA:45,1
DA:48,0
DA:50,0
DA:51,0
DA:52,0
DA:53,0
DA:54,0
DA:58,1
DA:59,2
DA:61,0
DA:62,0
DA:67,1
DA:69,0
DA:70,0
DA:75,1
DA:77,3
DA:78,1
DA:81,1
DA:83,3
DA:85,2
DA:86,1
DA:87,1
DA:88,1
DA:89,1
DA:93,1
DA:94,7
DA:95,1
DA:96,2
DA:97,1
DA:98,1
DA:99,4
DA:100,4
DA:101,4
DA:104,4
DA:112,1
DA:113,4
DA:115,1
DA:116,1
DA:117,4
DA:118,1
DA:120,1
DA:122,7
LF:47
LH:37
end_of_record
SF:lib/src/widgets/grid/sync_engine.dart
DA:18,1
DA:24,1
DA:25,2
DA:26,2
DA:27,2
DA:29,2
DA:30,2
DA:32,1
DA:33,3
DA:38,0
DA:39,0
DA:40,0
DA:43,0
DA:46,0
DA:50,1
DA:51,2
DA:52,1
DA:55,1
DA:56,3
DA:57,1
DA:58,1
DA:63,2
DA:64,1
DA:69,1
DA:70,2
DA:71,1
DA:74,3
DA:76,0
DA:77,0
DA:78,0
DA:82,1
DA:84,3
DA:85,1
DA:86,1
DA:91,3
DA:96,0
DA:103,1
DA:108,0
DA:109,0
DA:110,0
DA:112,0
DA:113,0
DA:115,0
DA:116,0
LF:44
LH:28
end_of_record
SF:lib/src/utils/export/image_exporter.dart
DA:11,1
DA:16,2
DA:18,1
DA:19,1
DA:20,1
DA:22,2
DA:23,2
DA:25,1
DA:26,1
DA:27,1
DA:28,2
DA:32,2
DA:34,1
DA:35,1
DA:36,1
DA:37,1
DA:38,1
DA:40,2
DA:46,1
DA:49,1
DA:51,1
DA:52,5
DA:53,5
DA:58,1
DA:59,3
DA:61,1
DA:64,1
DA:65,1
DA:68,0
DA:71,2
LF:30
LH:29
end_of_record
SF:lib/src/panels/ai/ai_provider.dart
DA:15,1
DA:18,1
DA:20,2
DA:21,1
DA:25,0
DA:26,0
DA:27,0
DA:30,0
DA:44,0
LF:9
LH:4
end_of_record
SF:lib/src/interaction/replay/replay_coordinator.dart
DA:33,2
DA:35,8
DA:39,2
DA:42,2
DA:45,4
DA:48,2
DA:51,2
DA:53,2
DA:54,2
DA:55,8
DA:56,8
DA:58,2
DA:61,2
DA:62,2
DA:63,2
DA:65,4
DA:68,2
DA:69,8
DA:70,8
DA:71,8
DA:72,8
DA:73,8
DA:74,8
DA:78,2
DA:79,4
DA:82,0
DA:86,0
DA:87,0
DA:88,0
DA:89,0
DA:90,0
DA:91,0
DA:92,0
DA:93,0
DA:94,0
DA:97,0
DA:98,0
DA:99,0
DA:100,0
DA:101,0
DA:102,0
DA:103,0
DA:109,6
DA:110,7
DA:111,1
DA:112,4
DA:113,4
DA:116,2
DA:120,6
DA:121,7
DA:122,1
DA:123,4
DA:125,0
DA:134,2
DA:137,6
DA:142,4
DA:145,2
DA:149,0
DA:150,0
DA:151,0
DA:152,0
DA:153,0
DA:157,0
DA:158,0
DA:159,0
DA:160,0
DA:164,0
DA:165,0
DA:166,0
DA:167,0
DA:169,0
DA:173,1
DA:174,1
DA:175,1
DA:176,1
DA:179,0
DA:180,0
DA:183,0
DA:184,0
DA:185,0
DA:186,0
DA:191,0
DA:192,0
DA:193,0
DA:195,0
DA:196,0
DA:198,0
DA:199,0
DA:200,0
DA:202,0
DA:206,2
DA:207,6
DA:208,0
DA:209,2
DA:212,0
DA:213,0
DA:217,2
DA:218,2
DA:220,4
DA:221,2
DA:223,2
DA:224,6
DA:225,4
DA:227,2
DA:229,1
DA:235,0
DA:237,0
DA:238,0
DA:239,0
LF:109
LH:55
end_of_record
SF:lib/src/crosshair_coordinator.dart
DA:11,20
DA:14,2
DA:15,6
DA:16,4
DA:20,1
DA:21,2
DA:22,2
DA:26,1
DA:27,2
LF:9
LH:9
end_of_record
SF:lib/src/panels/chart_panel.dart
DA:14,0
LF:1
LH:0
end_of_record
SF:lib/src/panels/main_panel.dart
DA:24,8
DA:29,8
DA:31,16
DA:38,8
DA:40,8
DA:41,8
DA:52,8
DA:54,8
DA:55,16
DA:56,16
DA:57,16
DA:60,8
DA:62,16
DA:63,16
DA:64,8
DA:67,8
DA:69,8
DA:70,8
DA:72,8
DA:73,8
DA:74,8
DA:75,16
DA:76,8
DA:78,8
DA:80,8
DA:81,24
DA:82,8
DA:83,8
DA:84,8
DA:86,8
DA:87,8
DA:88,24
DA:93,8
DA:94,32
DA:95,8
DA:96,8
LF:36
LH:36
end_of_record
SF:lib/src/panels/volume_panel.dart
DA:23,8
DA:28,8
DA:30,16
DA:37,8
DA:39,8
DA:40,8
DA:47,8
DA:49,8
DA:50,16
DA:51,16
DA:54,8
DA:56,16
DA:57,8
DA:60,8
DA:62,8
DA:63,8
DA:65,8
DA:66,8
DA:67,8
DA:68,16
DA:69,8
DA:71,8
DA:73,8
DA:74,24
DA:75,8
DA:76,8
DA:83,8
DA:84,32
DA:85,8
DA:86,8
LF:30
LH:30
end_of_record
SF:lib/src/panels/secondary_panel.dart
DA:26,1
DA:30,1
DA:32,1
DA:34,1
DA:35,1
DA:36,1
DA:45,1
DA:50,1
DA:51,1
DA:58,1
DA:60,1
DA:61,2
DA:62,2
DA:65,1
DA:67,2
DA:68,1
DA:71,1
DA:73,1
DA:74,1
DA:76,1
DA:77,1
DA:78,1
DA:79,2
DA:80,1
DA:82,1
DA:84,1
DA:85,3
DA:86,1
DA:87,1
DA:88,2
DA:94,1
DA:95,4
DA:96,1
DA:97,1
LF:34
LH:34
end_of_record
SF:lib/src/panels/advanced/volume_profile_panel.dart
DA:19,0
DA:26,1
DA:31,1
DA:33,2
DA:40,1
DA:42,1
DA:43,1
DA:49,1
DA:51,1
DA:52,1
DA:54,1
DA:55,2
DA:56,1
DA:59,3
DA:60,1
DA:61,2
DA:62,2
DA:63,2
DA:66,1
DA:68,1
DA:70,1
DA:71,1
DA:73,1
DA:99,1
DA:107,1
DA:109,3
DA:111,6
DA:112,6
DA:116,2
DA:117,7
DA:118,7
DA:120,1
DA:121,0
DA:122,0
DA:125,1
DA:126,1
DA:127,2
DA:129,1
DA:130,4
DA:133,3
DA:134,1
DA:138,1
DA:139,2
DA:140,2
DA:145,2
DA:146,3
DA:147,2
DA:148,2
DA:149,2
DA:152,5
DA:153,5
DA:154,1
DA:155,2
DA:158,1
DA:159,1
DA:162,1
DA:163,1
DA:164,1
DA:167,5
DA:168,5
DA:170,1
DA:171,1
DA:175,1
DA:176,1
DA:182,3
DA:183,2
DA:184,3
DA:185,1
DA:186,1
DA:188,4
DA:190,2
DA:193,1
DA:195,2
DA:196,2
DA:197,2
DA:198,2
DA:199,2
DA:200,2
DA:202,2
DA:203,2
DA:204,2
DA:205,2
DA:206,2
DA:207,2
DA:210,0
DA:212,0
DA:213,0
LF:87
LH:81
end_of_record
SF:lib/src/panels/advanced/depth_panel.dart
DA:22,0
DA:27,0
DA:29,0
DA:36,0
DA:38,0
DA:39,0
DA:45,0
DA:47,0
DA:48,0
DA:50,0
DA:51,0
DA:52,0
DA:55,0
DA:56,0
DA:58,0
DA:59,0
DA:61,0
DA:63,0
DA:65,0
DA:66,0
DA:68,0
DA:71,0
DA:72,0
DA:73,0
DA:76,0
DA:85,0
DA:89,0
DA:90,0
DA:93,0
DA:96,0
DA:120,0
DA:128,0
DA:130,0
DA:132,0
DA:133,0
DA:137,0
DA:138,0
DA:139,0
DA:141,0
DA:142,0
DA:143,0
DA:146,0
DA:147,0
DA:148,0
DA:150,0
DA:151,0
DA:155,0
DA:156,0
DA:157,0
DA:158,0
DA:160,0
DA:162,0
DA:164,0
DA:165,0
DA:167,0
DA:169,0
DA:170,0
DA:173,0
DA:174,0
DA:175,0
DA:176,0
DA:177,0
DA:179,0
DA:180,0
DA:182,0
DA:183,0
DA:184,0
DA:188,0
DA:189,0
DA:190,0
DA:191,0
DA:192,0
DA:194,0
DA:195,0
DA:197,0
DA:198,0
DA:199,0
DA:202,0
DA:205,0
DA:207,0
DA:208,0
LF:81
LH:0
end_of_record
SF:lib/src/panels/advanced/liquidation_heatmap_panel.dart
DA:22,0
DA:27,0
DA:29,0
DA:36,0
DA:38,0
DA:40,0
DA:46,0
DA:48,0
DA:49,0
DA:51,0
DA:52,0
DA:53,0
DA:56,0
DA:58,0
DA:60,0
DA:61,0
DA:62,0
DA:63,0
DA:65,0
DA:91,0
DA:99,0
DA:101,0
DA:103,0
DA:104,0
DA:108,0
DA:109,0
DA:110,0
DA:112,0
DA:113,0
DA:114,0
DA:117,0
DA:118,0
DA:119,0
DA:121,0
DA:122,0
DA:126,0
DA:127,0
DA:128,0
DA:131,0
DA:133,0
DA:134,0
DA:135,0
DA:136,0
DA:137,0
DA:139,0
DA:141,0
DA:143,0
DA:147,0
DA:148,0
DA:151,0
DA:154,0
DA:156,0
DA:157,0
LF:53
LH:0
end_of_record
SF:lib/src/gestures/gesture_arbiter.dart
DA:87,9
DA:101,2
DA:105,2
DA:106,2
DA:107,2
DA:108,2
DA:109,2
DA:110,2
DA:111,1
DA:112,1
DA:113,1
DA:114,1
DA:115,1
DA:116,1
DA:117,1
DA:118,1
DA:119,1
DA:120,1
DA:124,2
DA:125,6
DA:126,8
DA:128,6
DA:129,6
DA:130,8
DA:131,2
DA:132,4
DA:133,2
DA:134,7
DA:135,2
DA:136,1
DA:137,3
DA:140,3
DA:141,1
DA:142,1
DA:143,1
DA:147,2
DA:150,6
DA:151,1
DA:152,1
DA:156,8
DA:157,8
DA:159,4
DA:160,0
DA:161,0
DA:162,0
DA:163,0
DA:164,0
DA:167,4
DA:168,0
DA:172,4
DA:173,8
DA:174,2
DA:175,2
DA:176,2
DA:180,4
DA:181,6
DA:182,7
DA:183,1
DA:187,2
DA:188,8
DA:190,7
DA:191,3
DA:194,7
DA:195,2
DA:198,10
DA:199,4
DA:200,2
DA:201,4
DA:205,4
DA:206,0
DA:209,6
DA:210,6
DA:211,2
DA:212,2
DA:214,4
DA:215,3
DA:216,2
DA:217,0
DA:218,0
DA:219,0
DA:223,1
DA:224,3
DA:225,3
DA:226,1
DA:227,1
DA:228,2
DA:229,2
DA:230,2
DA:232,2
DA:233,0
DA:235,1
DA:237,1
DA:240,1
DA:241,3
DA:242,3
DA:243,3
DA:245,3
DA:246,6
DA:250,1
DA:251,1
DA:252,1
DA:253,1
DA:256,1
DA:257,2
DA:258,3
DA:259,3
DA:260,2
DA:262,2
DA:263,3
DA:267,1
DA:268,1
DA:269,1
DA:272,9
DA:273,11
DA:274,9
DA:279,1
DA:280,3
DA:282,3
DA:283,3
DA:284,3
DA:288,2
DA:290,3
DA:291,2
DA:292,2
DA:293,2
DA:295,1
DA:299,9
DA:300,9
DA:301,18
DA:302,18
DA:303,9
DA:304,9
DA:308,0
LF:133
LH:121
end_of_record
SF:lib/src/interaction/replay/replay_slider.dart
DA:12,1
DA:14,1
DA:16,1
DA:17,1
DA:18,1
DA:19,2
DA:22,2
DA:23,1
DA:26,2
DA:27,1
DA:28,1
DA:30,1
DA:34,1
DA:35,1
DA:36,1
DA:37,1
DA:38,1
DA:39,3
DA:44,0
DA:45,0
DA:46,0
DA:48,0
DA:53,1
DA:54,2
DA:57,3
DA:58,1
DA:60,2
DA:62,1
DA:63,0
DA:64,0
DA:68,1
DA:69,1
DA:70,2
DA:71,1
DA:72,1
DA:74,1
DA:75,1
DA:76,0
DA:77,0
LF:39
LH:31
end_of_record
SF:lib/src/painting/crosshair_painter.dart
DA:19,1
DA:25,1
DA:27,1
DA:30,1
DA:31,2
DA:32,2
DA:33,1
DA:36,1
DA:37,2
DA:38,3
DA:39,1
DA:40,2
DA:41,3
DA:52,1
DA:53,2
DA:54,3
DA:55,1
DA:56,2
DA:57,3
DA:63,1
DA:65,3
DA:66,3
DA:67,3
LF:23
LH:23
end_of_record
SF:lib/src/panels/panel_stack.dart
DA:14,8
DA:20,8
DA:21,8
DA:25,8
DA:27,8
DA:29,40
DA:30,24
DA:32,8
DA:33,8
DA:34,24
DA:35,8
DA:36,8
DA:41,40
DA:42,8
DA:43,8
DA:44,0
DA:45,0
DA:52,8
LF:18
LH:16
end_of_record
SF:lib/src/panels/ai/ai_insights_panel.dart
DA:12,9
DA:14,9
DA:16,9
DA:17,9
DA:18,9
DA:19,18
DA:22,2
DA:23,1
DA:24,1
DA:26,1
DA:29,1
DA:31,1
DA:32,1
DA:33,1
DA:35,1
DA:39,1
DA:42,1
DA:43,1
DA:45,1
DA:46,1
DA:48,1
DA:55,1
DA:56,1
DA:59,2
DA:64,1
DA:65,2
DA:66,1
DA:68,1
DA:69,1
DA:71,1
DA:73,1
DA:78,1
DA:79,2
DA:80,1
DA:81,1
DA:82,1
DA:84,1
DA:86,1
DA:88,1
DA:96,1
DA:98,3
DA:102,1
DA:120,1
DA:122,1
DA:124,2
DA:125,1
DA:126,1
DA:127,1
DA:130,1
DA:132,1
DA:134,1
DA:135,1
DA:139,1
DA:144,1
DA:145,1
DA:147,1
DA:148,1
DA:149,3
DA:150,1
DA:156,1
DA:157,2
DA:158,1
DA:160,2
LF:63
LH:63
end_of_record
SF:lib/src/widgets/kchart_scope.dart
DA:17,10
DA:26,11
DA:27,11
DA:30,3
DA:32,9
DA:33,9
DA:34,9
LF:7
LH:7
end_of_record
SF:lib/src/overlays/trade_overlay_painter.dart
DA:13,9
DA:16,9
DA:23,18
DA:24,9
DA:26,2
DA:27,1
DA:28,1
DA:29,1
DA:30,1
DA:35,1
DA:41,3
DA:42,3
DA:44,2
DA:45,3
DA:46,1
DA:48,4
DA:50,1
DA:51,0
DA:52,0
DA:53,0
DA:54,0
DA:58,0
DA:59,0
DA:60,0
DA:64,1
DA:70,2
DA:73,1
DA:74,2
DA:75,1
DA:76,1
DA:78,2
DA:79,3
DA:81,2
DA:84,1
DA:86,1
DA:90,1
DA:96,1
DA:97,1
DA:102,2
DA:104,4
DA:105,1
DA:106,1
DA:107,4
DA:111,1
DA:112,2
DA:113,1
DA:114,1
DA:116,5
DA:118,2
DA:121,1
DA:123,1
DA:127,1
DA:133,1
DA:134,1
DA:139,2
DA:141,4
DA:142,1
DA:143,1
DA:144,4
DA:148,2
DA:149,3
DA:150,1
DA:151,1
DA:153,4
LF:64
LH:57
end_of_record
SF:lib/src/painting/secondary_panel_painter.dart
DA:26,8
DA:34,8
DA:36,16
DA:37,8
DA:39,1
DA:41,16
DA:44,8
DA:45,16
DA:46,16
DA:47,16
DA:49,32
DA:50,32
DA:53,24
DA:54,32
DA:55,8
DA:56,8
DA:57,8
DA:58,8
DA:61,24
DA:63,24
DA:66,16
DA:69,8
DA:71,16
DA:72,38
DA:75,8
DA:77,7
DA:78,7
DA:79,14
DA:80,7
DA:81,7
DA:83,14
DA:85,28
DA:86,14
DA:88,28
DA:90,14
DA:91,14
DA:92,14
DA:93,28
DA:94,14
DA:96,35
DA:99,7
DA:100,14
DA:107,16
DA:108,24
DA:112,1
DA:113,4
DA:114,2
DA:116,2
DA:117,4
DA:118,4
DA:121,2
DA:122,1
DA:123,1
DA:124,1
DA:125,1
DA:126,1
DA:129,2
DA:132,1
DA:139,2
DA:140,2
DA:141,1
DA:142,1
DA:145,1
DA:146,1
DA:147,1
DA:150,1
DA:151,1
DA:152,1
DA:153,2
DA:154,1
DA:156,1
DA:159,2
DA:160,2
DA:161,4
DA:162,4
DA:165,1
DA:168,0
DA:172,2
DA:173,3
DA:174,1
DA:175,1
DA:177,1
DA:181,2
DA:182,3
DA:186,3
DA:188,15
DA:189,12
DA:190,9
LF:88
LH:87
end_of_record
SF:lib/src/panels/crosshair_overlay.dart
DA:12,8
DA:17,9
DA:19,9
DA:20,9
DA:21,1
DA:25,0
DA:27,0
DA:28,0
DA:38,0
DA:44,0
DA:46,0
DA:48,0
DA:50,0
DA:51,0
DA:52,0
DA:61,0
DA:63,0
DA:64,0
DA:65,0
DA:66,0
DA:67,0
DA:70,0
DA:71,0
DA:72,0
DA:73,0
DA:74,0
DA:77,0
DA:78,0
DA:79,0
DA:80,0
DA:81,0
DA:84,0
DA:87,0
DA:89,0
DA:91,0
DA:93,0
DA:94,0
DA:95,0
DA:96,0
DA:98,0
DA:101,0
DA:103,0
DA:104,0
DA:105,0
DA:107,0
DA:108,0
DA:109,0
DA:110,0
LF:48
LH:5
end_of_record
SF:lib/src/panels/draggable_divider.dart
DA:10,9
DA:15,9
DA:17,9
DA:19,1
DA:20,3
DA:21,3
DA:22,1
DA:23,2
DA:24,1
DA:25,1
DA:29,9
DA:31,9
DA:34,9
DA:35,9
DA:38,9
LF:15
LH:15
end_of_record
